Batch Evaluation Log
========================================
Controller: vanillacbf, T=1
  Collision Rate: 31.47%
  Average Speed: 14.89
  Average Calc Time: 136.063 ms
----------------------------------------
Controller: vanillacbf, T=10
  Collision Rate: 27.79%
  Average Speed: 14.74
  Average Calc Time: 941.872 ms
----------------------------------------
Controller: vanillacbf, T=20
  Collision Rate: 27.20%
  Average Speed: 14.74
  Average Calc Time: 1833.694 ms
----------------------------------------
Controller: cpcbf, T=1
  Collision Rate: 25.00%
  Average Speed: 14.85
  Average Calc Time: 130.351 ms
----------------------------------------
Controller: cpcbf, T=10
  Collision Rate: 29.57%
  Average Speed: 14.66
  Average Calc Time: 1048.939 ms
----------------------------------------
Controller: cpcbf, T=20
  Collision Rate: 28.80%
  Average Speed: 14.66
  Average Calc Time: 2050.725 ms
----------------------------------------
